0 info it worked if it ends with ok
1 verbose cli [ '/usr/local/bin/node',
1 verbose cli   '/usr/local/bin/npm',
1 verbose cli   'install',
1 verbose cli   '-g',
1 verbose cli   'ember-cli' ]
2 info using npm@2.15.1
3 info using node@v4.4.3
4 verbose install initial load of /usr/local/lib/package.json
5 verbose readDependencies loading dependencies from /usr/local/lib/package.json
6 silly cache add args [ 'ember-cli', null ]
7 verbose cache add spec ember-cli
8 silly cache add parsed spec Result {
8 silly cache add   raw: 'ember-cli',
8 silly cache add   scope: null,
8 silly cache add   name: 'ember-cli',
8 silly cache add   rawSpec: '',
8 silly cache add   spec: 'latest',
8 silly cache add   type: 'tag' }
9 silly addNamed ember-cli@latest
10 verbose addNamed "latest" is being treated as a dist-tag for ember-cli
11 info addNameTag [ 'ember-cli', 'latest' ]
12 silly mapToRegistry name ember-cli
13 silly mapToRegistry using default registry
14 silly mapToRegistry registry https://registry.npmjs.org/
15 silly mapToRegistry data Result {
15 silly mapToRegistry   raw: 'ember-cli',
15 silly mapToRegistry   scope: null,
15 silly mapToRegistry   name: 'ember-cli',
15 silly mapToRegistry   rawSpec: '',
15 silly mapToRegistry   spec: 'latest',
15 silly mapToRegistry   type: 'tag' }
16 silly mapToRegistry uri https://registry.npmjs.org/ember-cli
17 verbose addNameTag registry:https://registry.npmjs.org/ember-cli not in flight; fetching
18 verbose request uri https://registry.npmjs.org/ember-cli
19 verbose request no auth needed
20 info attempt registry request try #1 at 6:28:32 PM
21 verbose request id 7418e0fb278de8ce
22 http request GET https://registry.npmjs.org/ember-cli
23 http 200 https://registry.npmjs.org/ember-cli
24 verbose headers { server: 'CouchDB/1.5.0 (Erlang OTP/R16B03)',
24 verbose headers   etag: '"3TZ3XE2E4B7VOEL1X1YZ0GWP4"',
24 verbose headers   'content-type': 'application/json',
24 verbose headers   'content-encoding': 'gzip',
24 verbose headers   'cache-control': 'max-age=300',
24 verbose headers   'content-length': '35642',
24 verbose headers   'accept-ranges': 'bytes',
24 verbose headers   date: 'Mon, 04 Jul 2016 06:28:34 GMT',
24 verbose headers   via: '1.1 varnish',
24 verbose headers   age: '0',
24 verbose headers   connection: 'keep-alive',
24 verbose headers   'x-served-by': 'cache-wlg7320-WLG',
24 verbose headers   'x-cache': 'MISS',
24 verbose headers   'x-cache-hits': '0',
24 verbose headers   'x-timer': 'S1467613712.911363,VS0,VE1345',
24 verbose headers   vary: 'Accept-Encoding' }
25 silly get cb [ 200,
25 silly get   { server: 'CouchDB/1.5.0 (Erlang OTP/R16B03)',
25 silly get     etag: '"3TZ3XE2E4B7VOEL1X1YZ0GWP4"',
25 silly get     'content-type': 'application/json',
25 silly get     'content-encoding': 'gzip',
25 silly get     'cache-control': 'max-age=300',
25 silly get     'content-length': '35642',
25 silly get     'accept-ranges': 'bytes',
25 silly get     date: 'Mon, 04 Jul 2016 06:28:34 GMT',
25 silly get     via: '1.1 varnish',
25 silly get     age: '0',
25 silly get     connection: 'keep-alive',
25 silly get     'x-served-by': 'cache-wlg7320-WLG',
25 silly get     'x-cache': 'MISS',
25 silly get     'x-cache-hits': '0',
25 silly get     'x-timer': 'S1467613712.911363,VS0,VE1345',
25 silly get     vary: 'Accept-Encoding' } ]
26 verbose get saving ember-cli to /Users/uilifecteau/.npm/registry.npmjs.org/ember-cli/.cache.json
27 verbose correctMkdir /Users/uilifecteau/.npm correctMkdir not in flight; initializing
28 silly addNameTag next cb for ember-cli with tag latest
29 silly addNamed ember-cli@2.6.2
30 verbose addNamed "2.6.2" is a plain semver version for ember-cli
31 silly mapToRegistry name ember-cli
32 silly mapToRegistry using default registry
33 silly mapToRegistry registry https://registry.npmjs.org/
34 silly mapToRegistry data Result {
34 silly mapToRegistry   raw: 'ember-cli',
34 silly mapToRegistry   scope: null,
34 silly mapToRegistry   name: 'ember-cli',
34 silly mapToRegistry   rawSpec: '',
34 silly mapToRegistry   spec: 'latest',
34 silly mapToRegistry   type: 'tag' }
35 silly mapToRegistry uri https://registry.npmjs.org/ember-cli
36 verbose addRemoteTarball https://registry.npmjs.org/ember-cli/-/ember-cli-2.6.2.tgz not in flight; adding
37 verbose addRemoteTarball [ 'https://registry.npmjs.org/ember-cli/-/ember-cli-2.6.2.tgz',
37 verbose addRemoteTarball   '4311943c83e65c485c68899ec3965bcdb60319d9' ]
38 info retry fetch attempt 1 at 6:28:34 PM
39 info attempt registry request try #1 at 6:28:34 PM
40 http fetch GET https://registry.npmjs.org/ember-cli/-/ember-cli-2.6.2.tgz
41 http fetch 200 https://registry.npmjs.org/ember-cli/-/ember-cli-2.6.2.tgz
42 silly fetchAndShaCheck shasum 4311943c83e65c485c68899ec3965bcdb60319d9
43 verbose addTmpTarball /var/folders/36/s6gs8s7d0mx4227cnpgfqt400000gn/T/npm-4125-16ba7615/registry.npmjs.org/ember-cli/-/ember-cli-2.6.2.tgz not in flight; adding
44 verbose addTmpTarball already have metadata; skipping unpack for ember-cli@2.6.2
45 verbose correctMkdir /Users/uilifecteau/.npm correctMkdir not in flight; initializing
46 silly cache afterAdd ember-cli@2.6.2
47 verbose afterAdd /Users/uilifecteau/.npm/ember-cli/2.6.2/package/package.json not in flight; writing
48 verbose correctMkdir /Users/uilifecteau/.npm correctMkdir not in flight; initializing
49 verbose afterAdd /Users/uilifecteau/.npm/ember-cli/2.6.2/package/package.json written
50 silly install resolved [ { name: 'ember-cli',
50 silly install resolved     version: '2.6.2',
50 silly install resolved     main: 'lib/cli/index.js',
50 silly install resolved     description: 'Command line tool for developing ambitious ember.js apps',
50 silly install resolved     trackingCode: 'UA-49225444-1',
50 silly install resolved     bin: { ember: './bin/ember' },
50 silly install resolved     scripts:
50 silly install resolved      { docs: 'node dev/generate-docs.js',
50 silly install resolved        lint: 'mocha tests/unit/lint-test',
50 silly install resolved        test: 'node tests/runner',
50 silly install resolved        'test:debug': 'node debug tests/runner',
50 silly install resolved        'test-slow': 'node tests/runner slow',
50 silly install resolved        'test-all': 'node tests/runner all',
50 silly install resolved        'test-all:debug': 'node debug tests/runner all',
50 silly install resolved        'test-all:cover': 'istanbul cover tests/runner.js all' },
50 silly install resolved     repository:
50 silly install resolved      { type: 'git',
50 silly install resolved        url: 'git+https://github.com/ember-cli/ember-cli.git' },
50 silly install resolved     engines: { node: '>= 0.10.0' },
50 silly install resolved     keywords:
50 silly install resolved      [ 'ember.js',
50 silly install resolved        'ember',
50 silly install resolved        'cli',
50 silly install resolved        'app',
50 silly install resolved        'kit',
50 silly install resolved        'app-kit',
50 silly install resolved        'ember-app-kit' ],
50 silly install resolved     author: { name: 'Stefan Penner, Robert Jackson and ember-cli contributors' },
50 silly install resolved     license: 'MIT',
50 silly install resolved     bugs: { url: 'https://github.com/ember-cli/ember-cli/issues' },
50 silly install resolved     dependencies:
50 silly install resolved      { 'amd-name-resolver': '0.0.5',
50 silly install resolved        bower: '^1.3.12',
50 silly install resolved        'bower-config': '^1.3.0',
50 silly install resolved        'bower-endpoint-parser': '0.2.2',
50 silly install resolved        'broccoli-babel-transpiler': '^5.4.5',
50 silly install resolved        'broccoli-concat': '^2.0.4',
50 silly install resolved        'broccoli-config-loader': '^1.0.0',
50 silly install resolved        'broccoli-config-replace': '^1.1.2',
50 silly install resolved        'broccoli-funnel': '^1.0.0',
50 silly install resolved        'broccoli-funnel-reducer': '^1.0.0',
50 silly install resolved        'broccoli-merge-trees': '^1.0.0',
50 silly install resolved        'broccoli-sane-watcher': '^1.1.1',
50 silly install resolved        'broccoli-source': '^1.1.0',
50 silly install resolved        'broccoli-viz': '^2.0.1',
50 silly install resolved        chalk: '^1.1.3',
50 silly install resolved        'clean-base-url': '^1.0.0',
50 silly install resolved        compression: '^1.4.4',
50 silly install resolved        configstore: '^2.0.0',
50 silly install resolved        'core-object': '^2.0.2',
50 silly install resolved        debug: '^2.1.3',
50 silly install resolved        diff: '^2.2.2',
50 silly install resolved        'ember-cli-broccoli': '0.16.9',
50 silly install resolved        'ember-cli-get-component-path-option': '^1.0.0',
50 silly install resolved        'ember-cli-is-package-missing': '^1.0.0',
50 silly install resolved        'ember-cli-legacy-blueprints': '^0.1.0',
50 silly install resolved        'ember-cli-normalize-entity-name': '^1.0.0',
50 silly install resolved        'ember-cli-preprocess-registry': '^2.0.0',
50 silly install resolved        'ember-cli-string-utils': '^1.0.0',
50 silly install resolved        'ember-try': '^0.2.2',
50 silly install resolved        'escape-string-regexp': '^1.0.3',
50 silly install resolved        'exists-sync': '0.0.3',
50 silly install resolved        exit: '^0.1.2',
50 silly install resolved        express: '^4.12.3',
50 silly install resolved        filesize: '^3.1.3',
50 silly install resolved        findup: '0.1.5',
50 silly install resolved        'fs-extra': '0.27.0',
50 silly install resolved        'fs-monitor-stack': '^1.0.2',
50 silly install resolved        'fs-tree-diff': '^0.4.4',
50 silly install resolved        'get-caller-file': '^1.0.0',
50 silly install resolved        'git-repo-info': '^1.0.4',
50 silly install resolved        glob: '7.0.3',
50 silly install resolved        'http-proxy': '^1.9.0',
50 silly install resolved        inflection: '^1.7.0',
50 silly install resolved        inquirer: '^0.12.0',
50 silly install resolved        'is-git-url': '^0.2.0',
50 silly install resolved        isbinaryfile: '^3.0.0',
50 silly install resolved        leek: '0.0.21',
50 silly install resolved        lodash: '^4.6.1',
50 silly install resolved        'markdown-it': '6.0.1',
50 silly install resolved        'markdown-it-terminal': '0.0.3',
50 silly install resolved        'merge-defaults': '^0.2.1',
50 silly install resolved        minimatch: '^3.0.0',
50 silly install resolved        morgan: '^1.5.2',
50 silly install resolved        'node-modules-path': '^1.0.0',
50 silly install resolved        'node-uuid': '^1.4.3',
50 silly install resolved        nopt: '^3.0.1',
50 silly install resolved        npm: '2.15.1',
50 silly install resolved        'npm-package-arg': '^4.1.1',
50 silly install resolved        ora: '^0.2.0',
50 silly install resolved        portfinder: '^1.0.3',
50 silly install resolved        'promise-map-series': '^0.2.1',
50 silly install resolved        'quick-temp': '0.1.5',
50 silly install resolved        resolve: '^1.1.6',
50 silly install resolved        rsvp: '^3.0.17',
50 silly install resolved        sane: '^1.1.1',
50 silly install resolved        semver: '^5.1.0',
50 silly install resolved        'silent-error': '^1.0.0',
50 silly install resolved        'symlink-or-copy': '^1.0.1',
50 silly install resolved        temp: '0.8.3',
50 silly install resolved        testem: '^1.6.0',
50 silly install resolved        through: '^2.3.6',
50 silly install resolved        'tiny-lr': '0.2.1',
50 silly install resolved        'tree-sync': '^1.1.0',
50 silly install resolved        'walk-sync': '^0.2.6',
50 silly install resolved        yam: '0.0.19' },
50 silly install resolved     devDependencies:
50 silly install resolved      { 'broccoli-filter': '^1.2.2',
50 silly install resolved        'broccoli-plugin': '^1.2.0',
50 silly install resolved        chai: '^3.4.1',
50 silly install resolved        'chai-as-promised': '^5.1.0',
50 silly install resolved        'chai-files': '^1.2.0',
50 silly install resolved        'ember-cli-internal-test-helpers': '^0.8.1',
50 silly install resolved        'eslint-plugin-chai-expect': '^1.1.1',
50 silly install resolved        github: '^0.2.3',
50 silly install resolved        istanbul: '^0.4.2',
50 silly install resolved        mocha: '^2.4.5',
50 silly install resolved        'mocha-eslint': '^2.0.1',
50 silly install resolved        'mocha-only-detector': '^0.1.0',
50 silly install resolved        multiline: '^1.0.2',
50 silly install resolved        nock: '^8.0.0',
50 silly install resolved        proxyquire: '^1.6.0',
50 silly install resolved        supertest: '^1.2.0',
50 silly install resolved        testdouble: '^1.3.0',
50 silly install resolved        yuidocjs: '0.10.0' },
50 silly install resolved     homepage: 'https://github.com/ember-cli/ember-cli#readme',
50 silly install resolved     _id: 'ember-cli@2.6.2',
50 silly install resolved     _shasum: '4311943c83e65c485c68899ec3965bcdb60319d9',
50 silly install resolved     _resolved: 'https://registry.npmjs.org/ember-cli/-/ember-cli-2.6.2.tgz',
50 silly install resolved     _from: 'ember-cli@latest',
50 silly install resolved     _npmVersion: '3.8.6',
50 silly install resolved     _nodeVersion: '5.11.0',
50 silly install resolved     _npmUser: { name: 'turbo87', email: 'tobias.bieniek@gmx.de' },
50 silly install resolved     dist:
50 silly install resolved      { shasum: '4311943c83e65c485c68899ec3965bcdb60319d9',
50 silly install resolved        tarball: 'https://registry.npmjs.org/ember-cli/-/ember-cli-2.6.2.tgz' },
50 silly install resolved     maintainers:
50 silly install resolved      [ [Object],
50 silly install resolved        [Object],
50 silly install resolved        [Object],
50 silly install resolved        [Object],
50 silly install resolved        [Object],
50 silly install resolved        [Object],
50 silly install resolved        [Object],
50 silly install resolved        [Object],
50 silly install resolved        [Object],
50 silly install resolved        [Object],
50 silly install resolved        [Object],
50 silly install resolved        [Object],
50 silly install resolved        [Object],
50 silly install resolved        [Object] ],
50 silly install resolved     _npmOperationalInternal:
50 silly install resolved      { host: 'packages-12-west.internal.npmjs.com',
50 silly install resolved        tmp: 'tmp/ember-cli-2.6.2.tgz_1466413048054_0.678540363907814' },
50 silly install resolved     directories: {} } ]
51 info install ember-cli@2.6.2 into /usr/local/lib
52 info installOne ember-cli@2.6.2
53 verbose installOne of ember-cli to /usr/local/lib not in flight; installing
54 verbose correctMkdir /Users/uilifecteau/.npm/_locks correctMkdir not in flight; initializing
55 verbose lock using /Users/uilifecteau/.npm/_locks/ember-cli-e1d4144f4f001fb2.lock for /usr/local/lib/node_modules/ember-cli
56 silly install write writing ember-cli 2.6.2 to /usr/local/lib/node_modules/ember-cli
57 verbose unbuild lib/node_modules/ember-cli
58 silly gentlyRm /usr/local/lib/node_modules/ember-cli is being purged from base /usr/local
59 verbose gentlyRm don't care about contents; nuking /usr/local/lib/node_modules/ember-cli
60 verbose tar unpack /Users/uilifecteau/.npm/ember-cli/2.6.2/package.tgz
61 verbose tar unpacking to /usr/local/lib/node_modules/ember-cli
62 silly gentlyRm /usr/local/lib/node_modules/ember-cli is being purged
63 verbose gentlyRm don't care about contents; nuking /usr/local/lib/node_modules/ember-cli
64 silly gunzTarPerm modes [ '755', '644' ]
65 error tar.unpack untar error /Users/uilifecteau/.npm/ember-cli/2.6.2/package.tgz
66 verbose unlock done using /Users/uilifecteau/.npm/_locks/ember-cli-e1d4144f4f001fb2.lock for /usr/local/lib/node_modules/ember-cli
67 verbose fstream_path /usr/local/lib/node_modules/ember-cli
68 verbose fstream_type Directory
69 verbose fstream_class DirWriter
70 verbose stack Error: EACCES: permission denied, mkdir '/usr/local/lib/node_modules/ember-cli'
70 verbose stack     at Error (native)
71 verbose fstream_stack /usr/local/lib/node_modules/npm/node_modules/fstream/lib/dir-writer.js:35:25
71 verbose fstream_stack /usr/local/lib/node_modules/npm/node_modules/mkdirp/index.js:47:53
71 verbose fstream_stack FSReqWrap.oncomplete (fs.js:82:15)
72 verbose cwd /Users/uilifecteau/Desktop/Dev Academy/Code practice/ember
73 error Darwin 15.5.0
74 error argv "/usr/local/bin/node" "/usr/local/bin/npm" "install" "-g" "ember-cli"
75 error node v4.4.3
76 error npm  v2.15.1
77 error path /usr/local/lib/node_modules/ember-cli
78 error code EACCES
79 error errno -13
80 error syscall mkdir
81 error Error: EACCES: permission denied, mkdir '/usr/local/lib/node_modules/ember-cli'
81 error     at Error (native)
81 error  { [Error: EACCES: permission denied, mkdir '/usr/local/lib/node_modules/ember-cli']
81 error   errno: -13,
81 error   code: 'EACCES',
81 error   syscall: 'mkdir',
81 error   path: '/usr/local/lib/node_modules/ember-cli',
81 error   fstream_type: 'Directory',
81 error   fstream_path: '/usr/local/lib/node_modules/ember-cli',
81 error   fstream_class: 'DirWriter',
81 error   fstream_stack:
81 error    [ '/usr/local/lib/node_modules/npm/node_modules/fstream/lib/dir-writer.js:35:25',
81 error      '/usr/local/lib/node_modules/npm/node_modules/mkdirp/index.js:47:53',
81 error      'FSReqWrap.oncomplete (fs.js:82:15)' ] }
82 error Please try running this command again as root/Administrator.
83 verbose exit [ -13, true ]
84 verbose unbuild lib/node_modules/ember-cli
85 silly gentlyRm /usr/local/lib/node_modules/ember-cli is being purged from base /usr/local
86 verbose gentlyRm don't care about contents; nuking /usr/local/lib/node_modules/ember-cli
